<?xml version="1.0" encoding="UTF-8"?>
<!-- Generated by org.testng.reporters.JUnitReportReporter -->
<testsuite hostname="PSL-8WH4XM3" failures="0" tests="2" name="test.Test_homepage" time="17.654" errors="0" timestamp="2022-09-30T15:02:09 IST" skipped="0">
  <testcase classname="test.Test_homepage" name="getTitle" time="2.599"/>
  <system-out/>
  <testcase classname="test.Test_homepage" name="working" time="15.055"/>
  <system-out/>
</testsuite> <!-- test.Test_homepage -->
