<?xml version="1.0" encoding="UTF-8"?>
<!-- Generated by org.testng.reporters.JUnitReportReporter -->
<testsuite hostname="PSL-8WH4XM3" failures="0" tests="3" name="test.Test_category" time="20.227" errors="0" timestamp="2022-09-30T15:02:09 IST" skipped="0">
  <testcase classname="test.Test_category" name="launch" time="3.025"/>
  <system-out/>
  <testcase classname="test.Test_category" name="categories_check" time="14.331"/>
  <system-out/>
  <testcase classname="test.Test_category" name="subcategory" time="2.871"/>
  <system-out/>
</testsuite> <!-- test.Test_category -->
