<?xml version="1.0" encoding="UTF-8"?>
<!-- Generated by org.testng.reporters.JUnitReportReporter -->
<testsuite hostname="PSL-8WH4XM3" failures="0" tests="3" name="test.Test_category" time="20.338" errors="0" timestamp="2022-10-04T16:09:39 IST" skipped="0">
  <testcase classname="test.Test_category" name="launch" time="3.044"/>
  <system-out/>
  <testcase classname="test.Test_category" name="categories_check" time="14.320"/>
  <system-out/>
  <testcase classname="test.Test_category" name="subcategory" time="2.974"/>
  <system-out/>
</testsuite> <!-- test.Test_category -->
