<?xml version="1.0" encoding="UTF-8"?>
<!-- Generated by org.testng.reporters.JUnitReportReporter -->
<testsuite hostname="PSL-8WH4XM3" failures="0" tests="7" name="test.Test_register" time="150.608" errors="0" timestamp="2022-10-04T18:25:51 IST" skipped="0">
  <testcase classname="test.Test_register" name="Main" time="2.189"/>
  <system-out/>
  <testcase classname="test.Test_register" name="TestAboutUs0" time="23.918"/>
  <system-out/>
  <testcase classname="test.Test_register" name="TestAboutUs1" time="23.552"/>
  <system-out/>
  <testcase classname="test.Test_register" name="TestAboutUs2" time="24.227"/>
  <system-out/>
  <testcase classname="test.Test_register" name="TestAboutUs3" time="24.366"/>
  <system-out/>
  <testcase classname="test.Test_register" name="TestAboutUs4" time="24.063"/>
  <system-out/>
  <testcase classname="test.Test_register" name="TestAboutUs5" time="28.293"/>
  <system-out/>
</testsuite> <!-- test.Test_register -->
