<?xml version="1.0" encoding="UTF-8"?>
<!-- Generated by org.testng.reporters.JUnitReportReporter -->
<testsuite hostname="PSL-8WH4XM3" failures="0" tests="10" name="practice.jiomart.cart" time="44.400" errors="0" timestamp="2022-09-29T16:16:51 IST" skipped="0">
  <testcase classname="practice.jiomart.cart" name="launch" time="6.065"/>
  <system-out/>
  <testcase classname="practice.jiomart.cart" name="AddCartClick" time="3.946"/>
  <system-out/>
  <testcase classname="practice.jiomart.cart" name="searchproduct" time="7.680"/>
  <system-out/>
  <testcase classname="practice.jiomart.cart" name="ProductAddToCart" time="0.000"/>
  <system-out/>
  <testcase classname="practice.jiomart.cart" name="visibleAddToCartProduct" time="6.320"/>
  <system-out/>
  <testcase classname="practice.jiomart.cart" name="CountProduct" time="4.712"/>
  <system-out/>
  <testcase classname="practice.jiomart.cart" name="deleteProduct" time="0.329"/>
  <system-out/>
  <testcase classname="practice.jiomart.cart" name="TotalProductINCart" time="12.001"/>
  <system-out/>
  <testcase classname="practice.jiomart.cart" name="TotalAmount" time="0.273"/>
  <system-out/>
  <testcase classname="practice.jiomart.cart" name="TotalSavingAmount" time="3.074"/>
  <system-out/>
</testsuite> <!-- practice.jiomart.cart -->
