<?xml version="1.0" encoding="UTF-8"?>
<!-- Generated by org.testng.reporters.JUnitReportReporter -->
<testsuite hostname="PSL-8WH4XM3" failures="0" tests="2" name="test.Test_homepage" time="17.309" errors="0" timestamp="2022-10-04T16:09:39 IST" skipped="0">
  <testcase classname="test.Test_homepage" name="getTitle" time="2.534"/>
  <system-out/>
  <testcase classname="test.Test_homepage" name="working" time="14.775"/>
  <system-out/>
</testsuite> <!-- test.Test_homepage -->
