<?xml version="1.0" encoding="UTF-8"?>
<!-- Generated by org.testng.reporters.JUnitReportReporter -->
<testsuite hostname="PSL-8WH4XM3" failures="0" tests="7" name="practice.jiomart.signup" time="202.799" errors="0" timestamp="2022-09-30T11:31:46 IST" skipped="0">
  <testcase classname="practice.jiomart.signup" name="Main" time="12.605"/>
  <system-out/>
  <testcase classname="practice.jiomart.signup" name="TestAboutUs0" time="33.447"/>
  <system-out/>
  <testcase classname="practice.jiomart.signup" name="TestAboutUs1" time="35.996"/>
  <system-out/>
  <testcase classname="practice.jiomart.signup" name="TestAboutUs2" time="34.489"/>
  <system-out/>
  <testcase classname="practice.jiomart.signup" name="TestAboutUs3" time="31.116"/>
  <system-out/>
  <testcase classname="practice.jiomart.signup" name="TestAboutUs4" time="29.600"/>
  <system-out/>
  <testcase classname="practice.jiomart.signup" name="TestAboutUs5" time="25.546"/>
  <system-out/>
</testsuite> <!-- practice.jiomart.signup -->
