<?xml version="1.0" encoding="UTF-8"?>
<!-- Generated by org.testng.reporters.JUnitReportReporter -->
<testsuite hostname="PSL-8WH4XM3" failures="0" tests="7" name="test.Test_register" time="223.447" errors="0" timestamp="2022-10-03T15:18:45 IST" skipped="0">
  <testcase classname="test.Test_register" name="Main" time="6.530"/>
  <system-out/>
  <testcase classname="test.Test_register" name="TestAboutUs0" time="36.556"/>
  <system-out/>
  <testcase classname="test.Test_register" name="TestAboutUs1" time="37.029"/>
  <system-out/>
  <testcase classname="test.Test_register" name="TestAboutUs2" time="35.527"/>
  <system-out/>
  <testcase classname="test.Test_register" name="TestAboutUs3" time="34.926"/>
  <system-out/>
  <testcase classname="test.Test_register" name="TestAboutUs4" time="44.432"/>
  <system-out/>
  <testcase classname="test.Test_register" name="TestAboutUs5" time="28.447"/>
  <system-out/>
</testsuite> <!-- test.Test_register -->
